
[2023-06-26 19:17:00] [ INFO ] [OdontologoController:26] Procesando solicitud de agregar Odontologo
[2023-06-26 19:17:05] [ INFO ] [OdontologoController:26] Procesando solicitud de agregar Odontologo
[2023-06-26 19:17:09] [ INFO ] [OdontologoController:45] Procesando solicitud de listar odontologos
[2023-06-26 19:17:50] [ INFO ] [OdontologoController:45] Procesando solicitud de listar odontologos
[2023-06-26 20:50:11] [ INFO ] [OdontologoController:45] Procesando solicitud de listar odontologos
[2023-06-26 20:50:17] [ INFO ] [OdontologoController:26] Procesando solicitud de agregar Odontologo
[2023-06-26 20:50:22] [ INFO ] [OdontologoController:26] Procesando solicitud de agregar Odontologo
[2023-06-26 20:50:24] [ INFO ] [OdontologoController:45] Procesando solicitud de listar odontologos
[2023-06-26 20:50:41] [ INFO ] [OdontologoController:45] Procesando solicitud de listar odontologos
[2023-06-26 21:29:42] [ INFO ] [OdontologoController:45] Procesando solicitud de listar odontologos
[2023-06-26 21:29:45] [ INFO ] [OdontologoController:45] Procesando solicitud de listar odontologos
[2023-06-26 21:53:51] [ INFO ] [OdontologoController:45] Procesando solicitud de listar odontologos
[2023-06-26 21:54:05] [ INFO ] [OdontologoController:45] Procesando solicitud de listar odontologos
[2023-06-26 21:54:09] [ INFO ] [OdontologoController:45] Procesando solicitud de listar odontologos
[2023-06-26 21:57:52] [ INFO ] [OdontologoController:45] Procesando solicitud de listar odontologos
[2023-06-26 21:58:07] [ INFO ] [OdontologoController:45] Procesando solicitud de listar odontologos
[2023-06-26 21:58:13] [ INFO ] [OdontologoController:45] Procesando solicitud de listar odontologos
[2023-06-26 22:01:53] [ INFO ] [OdontologoController:45] Procesando solicitud de listar odontologos
[2023-06-26 22:03:34] [ INFO ] [OdontologoController:45] Procesando solicitud de listar odontologos
[2023-06-26 22:05:13] [ INFO ] [OdontologoController:45] Procesando solicitud de listar odontologos
[2023-06-26 22:05:21] [ INFO ] [OdontologoController:45] Procesando solicitud de listar odontologos
[2023-06-26 22:07:30] [ INFO ] [OdontologoController:45] Procesando solicitud de listar odontologos
[2023-06-26 22:19:17] [ INFO ] [OdontologoController:45] Procesando solicitud de listar odontologos
[2023-06-26 22:24:35] [ INFO ] [OdontologoController:26] Procesando solicitud de agregar Odontologo
[2023-06-26 22:24:38] [ INFO ] [OdontologoController:26] Procesando solicitud de agregar Odontologo
[2023-06-26 22:24:42] [ INFO ] [OdontologoController:45] Procesando solicitud de listar odontologos
[2023-06-26 22:25:26] [ INFO ] [OdontologoController:45] Procesando solicitud de listar odontologos
[2023-06-27 11:00:01] [ INFO ] [OdontologoController:26] Procesando solicitud de agregar Odontologo
[2023-06-27 11:00:05] [ INFO ] [OdontologoController:26] Procesando solicitud de agregar Odontologo
[2023-06-27 11:00:08] [ INFO ] [OdontologoController:45] Procesando solicitud de listar odontologos
[2023-06-27 11:15:56] [ INFO ] [OdontologoController:45] Procesando solicitud de listar odontologos
[2023-06-27 11:37:49] [ INFO ] [OdontologoController:26] Procesando solicitud de agregar Odontologo
[2023-06-27 11:37:52] [ INFO ] [OdontologoController:26] Procesando solicitud de agregar Odontologo
[2023-06-27 11:37:55] [ INFO ] [OdontologoController:45] Procesando solicitud de listar odontologos
[2023-06-27 11:39:35] [ INFO ] [OdontologoController:45] Procesando solicitud de listar odontologos
[2023-06-27 11:39:44] [ INFO ] [OdontologoController:26] Procesando solicitud de agregar Odontologo
[2023-06-27 11:39:47] [ INFO ] [OdontologoController:45] Procesando solicitud de listar odontologos
[2023-06-27 11:41:18] [ INFO ] [OdontologoController:45] Procesando solicitud de listar odontologos
[2023-06-27 11:41:18] [ INFO ] [OdontologoController:45] Procesando solicitud de listar odontologos
[2023-06-27 11:41:19] [ INFO ] [OdontologoController:45] Procesando solicitud de listar odontologos
[2023-06-27 11:41:19] [ INFO ] [OdontologoController:45] Procesando solicitud de listar odontologos
[2023-06-27 11:41:19] [ INFO ] [OdontologoController:45] Procesando solicitud de listar odontologos
[2023-06-27 11:41:19] [ INFO ] [OdontologoController:45] Procesando solicitud de listar odontologos
[2023-06-27 11:41:19] [ INFO ] [OdontologoController:45] Procesando solicitud de listar odontologos
[2023-06-27 11:41:42] [ INFO ] [OdontologoController:26] Procesando solicitud de agregar Odontologo
[2023-06-27 11:41:44] [ INFO ] [OdontologoController:45] Procesando solicitud de listar odontologos
[2023-06-27 12:06:23] [ INFO ] [OdontologoController:45] Procesando solicitud de listar odontologos
[2023-06-27 12:06:28] [ INFO ] [OdontologoController:26] Procesando solicitud de agregar Odontologo
[2023-06-27 12:06:30] [ INFO ] [OdontologoController:45] Procesando solicitud de listar odontologos
[2023-06-27 12:08:34] [ INFO ] [OdontologoController:45] Procesando solicitud de listar odontologos
[2023-06-27 12:19:58] [ INFO ] [OdontologoController:26] Procesando solicitud de agregar Odontologo
[2023-06-27 12:20:02] [ INFO ] [OdontologoController:26] Procesando solicitud de agregar Odontologo
[2023-06-27 12:20:04] [ INFO ] [OdontologoController:45] Procesando solicitud de listar odontologos
[2023-06-27 12:25:49] [ INFO ] [OdontologoController:26] Procesando solicitud de agregar Odontologo
[2023-06-27 12:25:53] [ INFO ] [OdontologoController:26] Procesando solicitud de agregar Odontologo
[2023-06-27 12:25:55] [ INFO ] [OdontologoController:45] Procesando solicitud de listar odontologos
[2023-06-27 12:26:43] [ INFO ] [OdontologoController:26] Procesando solicitud de agregar Odontologo
[2023-06-27 12:26:45] [ INFO ] [OdontologoController:26] Procesando solicitud de agregar Odontologo
[2023-06-27 12:26:47] [ INFO ] [OdontologoController:45] Procesando solicitud de listar odontologos
[2023-06-27 12:27:09] [ INFO ] [OdontologoController:45] Procesando solicitud de listar odontologos
[2023-06-27 12:27:38] [ INFO ] [OdontologoController:45] Procesando solicitud de listar odontologos
[2023-06-27 12:28:03] [ INFO ] [OdontologoController:26] Procesando solicitud de agregar Odontologo
[2023-06-27 12:28:04] [ INFO ] [OdontologoController:45] Procesando solicitud de listar odontologos
[2023-06-27 12:34:33] [ INFO ] [OdontologoController:45] Procesando solicitud de listar odontologos
[2023-06-27 12:34:40] [ INFO ] [OdontologoController:26] Procesando solicitud de agregar Odontologo
[2023-06-27 12:34:43] [ INFO ] [OdontologoController:26] Procesando solicitud de agregar Odontologo
[2023-06-27 12:34:45] [ INFO ] [OdontologoController:45] Procesando solicitud de listar odontologos
[2023-06-27 12:34:56] [ INFO ] [OdontologoController:45] Procesando solicitud de listar odontologos
[2023-06-27 12:35:05] [ INFO ] [OdontologoController:26] Procesando solicitud de agregar Odontologo
[2023-06-27 12:35:07] [ INFO ] [OdontologoController:45] Procesando solicitud de listar odontologos
[2023-06-27 12:40:47] [ INFO ] [OdontologoController:26] Procesando solicitud de agregar Odontologo
[2023-06-27 12:41:04] [ INFO ] [OdontologoController:26] Procesando solicitud de agregar Odontologo
[2023-06-27 12:41:15] [ INFO ] [OdontologoController:45] Procesando solicitud de listar odontologos
[2023-06-27 12:45:39] [ INFO ] [OdontologoController:26] Procesando solicitud de agregar Odontologo
[2023-06-27 12:45:41] [ INFO ] [OdontologoController:26] Procesando solicitud de agregar Odontologo
[2023-06-27 12:45:44] [ INFO ] [OdontologoController:45] Procesando solicitud de listar odontologos
[2023-06-27 12:45:57] [ INFO ] [OdontologoController:52] Procesando solicitud de modificar odontologos
[2023-06-27 12:46:01] [ INFO ] [OdontologoController:45] Procesando solicitud de listar odontologos
[2023-06-27 16:01:36] [ INFO ] [OdontologoController:45] Procesando solicitud de listar odontologos
[2023-06-27 16:03:53] [ INFO ] [OdontologoController:26] Procesando solicitud de agregar Odontologo
[2023-06-27 16:03:55] [ INFO ] [OdontologoController:45] Procesando solicitud de listar odontologos
[2023-06-27 16:04:06] [ INFO ] [OdontologoController:52] Procesando solicitud de modificar odontologos
[2023-06-27 16:04:14] [ INFO ] [OdontologoController:64] Procesando solicitud de eliminar odontologo
[2023-06-27 16:04:19] [ INFO ] [OdontologoController:45] Procesando solicitud de listar odontologos
[2023-06-27 16:15:54] [ INFO ] [OdontologoController:26] Procesando solicitud de agregar Odontologo
[2023-06-27 16:15:56] [ INFO ] [OdontologoController:26] Procesando solicitud de agregar Odontologo
[2023-06-27 16:16:00] [ INFO ] [OdontologoController:45] Procesando solicitud de listar odontologos
[2023-06-27 16:16:09] [ INFO ] [OdontologoController:52] Procesando solicitud de modificar odontologos
[2023-06-27 16:16:12] [ INFO ] [OdontologoController:45] Procesando solicitud de listar odontologos
[2023-06-27 16:16:20] [ INFO ] [OdontologoController:45] Procesando solicitud de listar odontologos
[2023-06-27 16:36:20] [ INFO ] [OdontologoController:26] Procesando solicitud de agregar Odontologo
[2023-06-27 16:39:43] [ INFO ] [OdontologoController:26] Procesando solicitud de agregar Odontologo
[2023-06-27 16:39:45] [ INFO ] [OdontologoController:45] Procesando solicitud de listar odontologos
[2023-06-28 20:24:23] [ INFO ] [OdontologoController:26] Procesando solicitud de agregar Odontologo
[2023-06-28 20:24:26] [ INFO ] [OdontologoController:26] Procesando solicitud de agregar Odontologo
[2023-06-28 20:44:19] [ INFO ] [OdontologoController:45] Procesando solicitud de listar odontologos
[2023-06-28 21:10:57] [ INFO ] [OdontologoController:26] Procesando solicitud de agregar Odontologo
[2023-06-28 21:10:59] [ INFO ] [OdontologoController:45] Procesando solicitud de listar odontologos
[2023-06-28 21:12:06] [ INFO ] [OdontologoController:45] Procesando solicitud de listar odontologos
[2023-06-28 21:12:15] [ INFO ] [OdontologoController:45] Procesando solicitud de listar odontologos
[2023-06-28 21:13:52] [ INFO ] [TurnoController:42] Procesando solicitud de registrar un turno
[2023-06-28 21:13:52] [ ERROR] [TurnoController:50] Falló la solicitud de registrar un turno
[2023-06-28 21:14:06] [ INFO ] [OdontologoController:45] Procesando solicitud de listar odontologos
[2023-06-28 21:14:09] [ INFO ] [OdontologoController:26] Procesando solicitud de agregar Odontologo
[2023-06-28 21:14:12] [ INFO ] [OdontologoController:45] Procesando solicitud de listar odontologos
[2023-06-28 21:14:18] [ INFO ] [OdontologoController:45] Procesando solicitud de listar odontologos
[2023-06-28 21:14:28] [ INFO ] [PacienteController:57] Procesando solicitud de listar pacientes
[2023-06-28 21:14:44] [ INFO ] [PacienteController:57] Procesando solicitud de listar pacientes
[2023-06-28 21:15:06] [ INFO ] [PacienteController:26] Procesando solicitud de agregar paciente
[2023-06-28 21:15:13] [ INFO ] [PacienteController:57] Procesando solicitud de listar pacientes
[2023-06-28 21:15:25] [ INFO ] [TurnoController:37] Procesando solicitud de listar turnos
[2023-06-28 21:17:12] [ INFO ] [OdontologoController:26] Procesando solicitud de agregar Odontologo
[2023-06-28 21:17:17] [ INFO ] [PacienteController:26] Procesando solicitud de agregar paciente
[2023-06-28 21:17:26] [ INFO ] [TurnoController:37] Procesando solicitud de listar turnos
[2023-06-28 21:34:01] [ INFO ] [OdontologoController:26] Procesando solicitud de agregar Odontologo
[2023-06-28 21:34:39] [ INFO ] [PacienteController:57] Procesando solicitud de listar pacientes
[2023-06-28 21:36:38] [ INFO ] [OdontologoController:26] Procesando solicitud de agregar Odontologo
[2023-06-28 21:37:13] [ INFO ] [OdontologoController:45] Procesando solicitud de listar odontologos
[2023-06-28 21:37:17] [ INFO ] [PacienteController:57] Procesando solicitud de listar pacientes
[2023-06-28 21:37:21] [ INFO ] [PacienteController:26] Procesando solicitud de agregar paciente
[2023-06-28 21:37:57] [ INFO ] [PacienteController:57] Procesando solicitud de listar pacientes
[2023-06-28 21:37:59] [ INFO ] [PacienteController:57] Procesando solicitud de listar pacientes
[2023-06-28 21:38:51] [ INFO ] [PacienteController:57] Procesando solicitud de listar pacientes
[2023-06-28 21:39:28] [ INFO ] [PacienteController:57] Procesando solicitud de listar pacientes
[2023-06-28 21:39:32] [ INFO ] [PacienteController:26] Procesando solicitud de agregar paciente
[2023-06-28 21:39:34] [ INFO ] [PacienteController:57] Procesando solicitud de listar pacientes
[2023-06-28 21:43:34] [ INFO ] [PacienteController:57] Procesando solicitud de listar pacientes
[2023-06-28 21:51:33] [ INFO ] [PacienteController:26] Procesando solicitud de agregar paciente
[2023-06-28 21:51:39] [ INFO ] [PacienteController:57] Procesando solicitud de listar pacientes
[2023-06-28 21:51:48] [ INFO ] [OdontologoController:26] Procesando solicitud de agregar Odontologo
[2023-06-28 21:53:27] [ INFO ] [TurnoController:37] Procesando solicitud de listar turnos
[2023-06-29 20:42:35] [ INFO ] [PacienteController:26] Procesando solicitud de agregar paciente
[2023-06-29 20:42:36] [ INFO ] [PacienteController:26] Procesando solicitud de agregar paciente
[2023-06-29 20:42:39] [ INFO ] [PacienteController:57] Procesando solicitud de listar pacientes
[2023-06-29 20:43:08] [ INFO ] [PacienteController:57] Procesando solicitud de listar pacientes
[2023-06-29 20:43:33] [ INFO ] [PacienteController:57] Procesando solicitud de listar pacientes
[2023-06-29 20:43:40] [ INFO ] [OdontologoController:45] Procesando solicitud de listar odontologos
[2023-06-29 20:43:48] [ INFO ] [PacienteController:57] Procesando solicitud de listar pacientes
[2023-06-29 20:47:30] [ INFO ] [PacienteController:57] Procesando solicitud de listar pacientes
[2023-06-29 20:48:32] [ INFO ] [PacienteController:26] Procesando solicitud de agregar paciente
[2023-06-29 20:48:34] [ INFO ] [PacienteController:57] Procesando solicitud de listar pacientes
[2023-06-29 20:55:51] [ INFO ] [PacienteController:26] Procesando solicitud de agregar paciente
[2023-06-29 20:57:04] [ INFO ] [PacienteController:57] Procesando solicitud de listar pacientes
[2023-06-29 21:00:38] [ INFO ] [PacienteController:26] Procesando solicitud de agregar paciente
[2023-06-29 21:00:42] [ INFO ] [PacienteController:57] Procesando solicitud de listar pacientes
[2023-06-29 21:02:53] [ INFO ] [PacienteController:26] Procesando solicitud de agregar paciente
[2023-06-29 21:02:57] [ INFO ] [PacienteController:57] Procesando solicitud de listar pacientes
[2023-06-29 21:02:59] [ INFO ] [PacienteController:57] Procesando solicitud de listar pacientes
[2023-06-29 21:03:00] [ INFO ] [PacienteController:57] Procesando solicitud de listar pacientes
[2023-06-29 21:03:00] [ INFO ] [PacienteController:57] Procesando solicitud de listar pacientes
[2023-06-29 21:03:02] [ INFO ] [PacienteController:57] Procesando solicitud de listar pacientes
[2023-06-29 21:03:02] [ INFO ] [PacienteController:57] Procesando solicitud de listar pacientes
[2023-06-29 21:03:58] [ INFO ] [PacienteController:26] Procesando solicitud de agregar paciente
[2023-06-29 21:04:03] [ INFO ] [PacienteController:57] Procesando solicitud de listar pacientes
[2023-06-29 21:05:59] [ INFO ] [PacienteController:57] Procesando solicitud de listar pacientes
[2023-06-29 21:06:59] [ INFO ] [PacienteController:26] Procesando solicitud de agregar paciente
[2023-06-29 21:07:00] [ INFO ] [PacienteController:57] Procesando solicitud de listar pacientes
[2023-06-29 21:07:27] [ INFO ] [PacienteController:26] Procesando solicitud de agregar paciente
[2023-06-29 21:07:30] [ INFO ] [PacienteController:57] Procesando solicitud de listar pacientes
[2023-06-29 22:21:50] [ INFO ] [PacienteController:26] Procesando solicitud de agregar paciente
[2023-06-29 22:21:53] [ INFO ] [PacienteController:57] Procesando solicitud de listar pacientes
[2023-06-29 22:24:08] [ INFO ] [PacienteController:26] Procesando solicitud de agregar paciente
[2023-06-29 22:24:39] [ INFO ] [PacienteController:57] Procesando solicitud de listar pacientes
[2023-06-29 22:25:32] [ INFO ] [PacienteController:57] Procesando solicitud de listar pacientes
[2023-06-29 22:28:10] [ INFO ] [PacienteController:26] Procesando solicitud de agregar paciente
[2023-06-29 22:28:14] [ INFO ] [PacienteController:57] Procesando solicitud de listar pacientes
[2023-06-29 22:28:39] [ INFO ] [PacienteController:26] Procesando solicitud de agregar paciente
[2023-06-29 22:28:42] [ INFO ] [PacienteController:57] Procesando solicitud de listar pacientes
[2023-06-29 22:29:21] [ INFO ] [PacienteController:57] Procesando solicitud de listar pacientes
[2023-06-29 22:30:30] [ INFO ] [PacienteController:26] Procesando solicitud de agregar paciente
[2023-06-29 22:30:34] [ INFO ] [PacienteController:57] Procesando solicitud de listar pacientes
[2023-06-29 22:32:36] [ INFO ] [PacienteController:26] Procesando solicitud de agregar paciente
[2023-06-29 22:32:37] [ INFO ] [PacienteController:57] Procesando solicitud de listar pacientes
[2023-06-29 22:35:32] [ INFO ] [PacienteController:26] Procesando solicitud de agregar paciente
[2023-06-29 22:36:09] [ INFO ] [PacienteController:26] Procesando solicitud de agregar paciente
[2023-06-29 22:37:25] [ INFO ] [PacienteController:26] Procesando solicitud de agregar paciente
[2023-06-29 22:37:42] [ INFO ] [PacienteController:63] Procesando solicitud de modificar paciente
[2023-06-29 22:37:46] [ INFO ] [PacienteController:57] Procesando solicitud de listar pacientes
[2023-06-29 22:53:19] [ INFO ] [PacienteController:26] Procesando solicitud de agregar paciente
[2023-06-29 22:53:20] [ INFO ] [PacienteController:57] Procesando solicitud de listar pacientes
[2023-06-29 22:53:35] [ INFO ] [PacienteController:45] Procesando solicitud de buscar paciente por correo
[2023-06-29 22:53:35] [ ERROR] [PacienteController:50] Falló la solicitud de buscar paciente por correo
[2023-06-29 22:55:31] [ INFO ] [PacienteController:31] Procesando solicitud de buscar paciente
[2023-06-29 22:56:25] [ INFO ] [PacienteController:31] Procesando solicitud de buscar paciente
[2023-06-29 22:56:25] [ ERROR] [PacienteController:36] Falló la solicitud de buscar paciente
[2023-06-29 22:56:29] [ INFO ] [PacienteController:26] Procesando solicitud de agregar paciente
[2023-06-29 22:56:31] [ INFO ] [PacienteController:31] Procesando solicitud de buscar paciente
[2023-06-29 22:56:37] [ INFO ] [PacienteController:57] Procesando solicitud de listar pacientes
[2023-06-29 22:56:49] [ INFO ] [PacienteController:31] Procesando solicitud de buscar paciente
[2023-06-29 22:56:49] [ INFO ] [PacienteController:63] Procesando solicitud de modificar paciente
[2023-06-29 22:56:51] [ INFO ] [PacienteController:57] Procesando solicitud de listar pacientes
[2023-07-02 13:13:36] [ INFO ] [PacienteController:26] Procesando solicitud de agregar paciente
[2023-07-02 13:13:38] [ INFO ] [PacienteController:57] Procesando solicitud de listar pacientes
[2023-07-02 13:13:56] [ INFO ] [PacienteController:31] Procesando solicitud de buscar paciente
[2023-07-02 13:13:56] [ INFO ] [PacienteController:63] Procesando solicitud de modificar paciente
[2023-07-02 13:14:01] [ INFO ] [PacienteController:57] Procesando solicitud de listar pacientes
[2023-07-02 13:14:06] [ INFO ] [PacienteController:79] Procesando solicitud de eliminar paciente
[2023-07-02 13:14:07] [ INFO ] [PacienteController:79] Procesando solicitud de eliminar paciente
[2023-07-02 13:14:07] [ ERROR] [PacienteController:86] Falló la solicitud de eliminar paciente
[2023-07-02 13:14:08] [ INFO ] [PacienteController:79] Procesando solicitud de eliminar paciente
[2023-07-02 13:14:08] [ ERROR] [PacienteController:86] Falló la solicitud de eliminar paciente
[2023-07-02 13:14:09] [ INFO ] [PacienteController:57] Procesando solicitud de listar pacientes
[2023-07-02 13:14:26] [ INFO ] [PacienteController:26] Procesando solicitud de agregar paciente
[2023-07-02 13:14:32] [ INFO ] [PacienteController:57] Procesando solicitud de listar pacientes
[2023-07-02 13:14:40] [ INFO ] [PacienteController:79] Procesando solicitud de eliminar paciente
[2023-07-02 13:14:41] [ INFO ] [PacienteController:79] Procesando solicitud de eliminar paciente
[2023-07-02 13:14:41] [ ERROR] [PacienteController:86] Falló la solicitud de eliminar paciente
[2023-07-02 13:14:42] [ INFO ] [PacienteController:57] Procesando solicitud de listar pacientes
[2023-07-02 13:14:45] [ INFO ] [PacienteController:57] Procesando solicitud de listar pacientes
[2023-07-02 13:15:03] [ INFO ] [PacienteController:26] Procesando solicitud de agregar paciente
[2023-07-02 13:15:08] [ INFO ] [OdontologoController:26] Procesando solicitud de agregar Odontologo
[2023-07-02 13:15:21] [ INFO ] [TurnoController:37] Procesando solicitud de listar turnos
[2023-07-02 13:15:25] [ INFO ] [TurnoController:42] Procesando solicitud de registrar un turno
[2023-07-02 13:15:25] [ ERROR] [TurnoController:50] Falló la solicitud de registrar un turno
[2023-07-02 13:15:31] [ INFO ] [TurnoController:42] Procesando solicitud de registrar un turno
[2023-07-02 13:15:31] [ ERROR] [TurnoController:50] Falló la solicitud de registrar un turno
[2023-07-02 13:15:38] [ INFO ] [PacienteController:57] Procesando solicitud de listar pacientes
[2023-07-02 13:15:42] [ INFO ] [TurnoController:42] Procesando solicitud de registrar un turno
[2023-07-02 13:15:42] [ ERROR] [TurnoController:50] Falló la solicitud de registrar un turno
[2023-07-02 13:16:01] [ INFO ] [OdontologoController:45] Procesando solicitud de listar odontologos
[2023-07-02 13:16:04] [ INFO ] [PacienteController:57] Procesando solicitud de listar pacientes
[2023-07-02 13:16:16] [ INFO ] [TurnoController:42] Procesando solicitud de registrar un turno
[2023-07-02 13:16:16] [ ERROR] [TurnoController:50] Falló la solicitud de registrar un turno
[2023-07-02 13:16:43] [ INFO ] [TurnoController:42] Procesando solicitud de registrar un turno
[2023-07-02 13:16:52] [ INFO ] [TurnoController:42] Procesando solicitud de registrar un turno
[2023-07-02 13:16:52] [ ERROR] [TurnoController:50] Falló la solicitud de registrar un turno
[2023-07-02 13:16:54] [ INFO ] [TurnoController:37] Procesando solicitud de listar turnos
[2023-07-02 13:17:22] [ INFO ] [TurnoController:42] Procesando solicitud de registrar un turno
[2023-07-02 13:17:22] [ ERROR] [TurnoController:50] Falló la solicitud de registrar un turno
[2023-07-02 13:17:27] [ INFO ] [TurnoController:42] Procesando solicitud de registrar un turno
[2023-07-02 13:17:27] [ ERROR] [TurnoController:50] Falló la solicitud de registrar un turno
[2023-07-02 13:17:31] [ INFO ] [TurnoController:42] Procesando solicitud de registrar un turno
[2023-07-02 13:17:31] [ ERROR] [TurnoController:50] Falló la solicitud de registrar un turno
[2023-07-02 13:17:34] [ INFO ] [TurnoController:42] Procesando solicitud de registrar un turno
[2023-07-02 13:17:34] [ ERROR] [TurnoController:50] Falló la solicitud de registrar un turno
[2023-07-02 13:17:42] [ INFO ] [TurnoController:42] Procesando solicitud de registrar un turno
[2023-07-02 13:17:42] [ ERROR] [TurnoController:50] Falló la solicitud de registrar un turno
[2023-07-02 13:18:06] [ INFO ] [TurnoController:42] Procesando solicitud de registrar un turno
[2023-07-02 13:18:06] [ ERROR] [TurnoController:50] Falló la solicitud de registrar un turno
[2023-07-02 13:18:25] [ INFO ] [OdontologoController:26] Procesando solicitud de agregar Odontologo
[2023-07-02 13:18:27] [ INFO ] [PacienteController:26] Procesando solicitud de agregar paciente
[2023-07-02 13:18:36] [ INFO ] [TurnoController:42] Procesando solicitud de registrar un turno
[2023-07-02 13:18:57] [ INFO ] [PacienteController:79] Procesando solicitud de eliminar paciente
[2023-07-02 13:19:04] [ INFO ] [PacienteController:79] Procesando solicitud de eliminar paciente
[2023-07-02 13:19:13] [ INFO ] [PacienteController:57] Procesando solicitud de listar pacientes
[2023-07-02 13:19:17] [ INFO ] [PacienteController:79] Procesando solicitud de eliminar paciente
[2023-07-02 13:19:18] [ INFO ] [PacienteController:79] Procesando solicitud de eliminar paciente
[2023-07-02 13:19:19] [ INFO ] [PacienteController:57] Procesando solicitud de listar pacientes
[2023-07-02 13:19:21] [ INFO ] [PacienteController:57] Procesando solicitud de listar pacientes
[2023-07-02 13:20:01] [ INFO ] [PacienteController:79] Procesando solicitud de eliminar paciente
[2023-07-02 13:20:20] [ INFO ] [PacienteController:79] Procesando solicitud de eliminar paciente
[2023-07-02 13:21:25] [ INFO ] [PacienteController:79] Procesando solicitud de eliminar paciente
[2023-07-02 13:23:03] [ INFO ] [PacienteController:26] Procesando solicitud de agregar paciente
[2023-07-02 13:23:06] [ INFO ] [PacienteController:79] Procesando solicitud de eliminar paciente
[2023-07-02 13:23:09] [ INFO ] [PacienteController:26] Procesando solicitud de agregar paciente
[2023-07-02 13:23:11] [ INFO ] [OdontologoController:26] Procesando solicitud de agregar Odontologo
[2023-07-02 13:23:14] [ INFO ] [TurnoController:42] Procesando solicitud de registrar un turno
[2023-07-02 13:23:14] [ ERROR] [TurnoController:50] Falló la solicitud de registrar un turno
[2023-07-02 13:23:24] [ INFO ] [TurnoController:42] Procesando solicitud de registrar un turno
[2023-07-02 13:23:24] [ ERROR] [TurnoController:50] Falló la solicitud de registrar un turno
[2023-07-02 13:23:27] [ INFO ] [TurnoController:42] Procesando solicitud de registrar un turno
[2023-07-02 13:23:27] [ ERROR] [TurnoController:50] Falló la solicitud de registrar un turno
[2023-07-02 13:23:31] [ INFO ] [TurnoController:42] Procesando solicitud de registrar un turno
[2023-07-02 13:23:31] [ ERROR] [TurnoController:50] Falló la solicitud de registrar un turno
[2023-07-02 13:23:37] [ INFO ] [TurnoController:42] Procesando solicitud de registrar un turno
[2023-07-02 13:23:53] [ INFO ] [TurnoController:37] Procesando solicitud de listar turnos
[2023-07-02 13:24:28] [ INFO ] [PacienteController:79] Procesando solicitud de eliminar paciente
[2023-07-02 13:24:28] [ ERROR] [PacienteController:86] Falló la solicitud de eliminar paciente
[2023-07-02 13:24:33] [ INFO ] [PacienteController:79] Procesando solicitud de eliminar paciente
[2023-07-02 13:24:36] [ INFO ] [TurnoController:57] Procesando solicitud de eliminar un turno
[2023-07-02 13:24:40] [ INFO ] [TurnoController:37] Procesando solicitud de listar turnos
[2023-07-02 13:24:42] [ INFO ] [TurnoController:37] Procesando solicitud de listar turnos
[2023-07-02 13:24:43] [ INFO ] [TurnoController:37] Procesando solicitud de listar turnos
[2023-07-02 13:24:52] [ INFO ] [TurnoController:57] Procesando solicitud de eliminar un turno
[2023-07-02 13:24:52] [ ERROR] [TurnoController:62] Falló la solicitud de eliminar un turno
[2023-07-02 13:24:56] [ INFO ] [TurnoController:57] Procesando solicitud de eliminar un turno
[2023-07-02 13:25:13] [ INFO ] [TurnoController:37] Procesando solicitud de listar turnos
[2023-07-02 13:25:28] [ INFO ] [PacienteController:79] Procesando solicitud de eliminar paciente
[2023-07-02 13:25:28] [ ERROR] [PacienteController:86] Falló la solicitud de eliminar paciente
[2023-07-02 13:25:39] [ INFO ] [TurnoController:57] Procesando solicitud de eliminar un turno
[2023-07-02 13:25:47] [ INFO ] [TurnoController:37] Procesando solicitud de listar turnos
[2023-07-02 13:27:50] [ INFO ] [OdontologoController:26] Procesando solicitud de agregar Odontologo
[2023-07-02 13:27:53] [ INFO ] [PacienteController:26] Procesando solicitud de agregar paciente
[2023-07-02 13:28:08] [ INFO ] [TurnoController:42] Procesando solicitud de registrar un turno
[2023-07-02 13:28:13] [ INFO ] [TurnoController:37] Procesando solicitud de listar turnos
[2023-07-02 13:28:16] [ INFO ] [TurnoController:57] Procesando solicitud de eliminar un turno
[2023-07-02 13:28:18] [ INFO ] [TurnoController:37] Procesando solicitud de listar turnos
[2023-07-02 13:28:28] [ INFO ] [OdontologoController:26] Procesando solicitud de agregar Odontologo
[2023-07-02 13:28:32] [ INFO ] [OdontologoController:26] Procesando solicitud de agregar Odontologo
[2023-07-02 13:28:35] [ INFO ] [OdontologoController:26] Procesando solicitud de agregar Odontologo
[2023-07-02 13:28:53] [ INFO ] [PacienteController:26] Procesando solicitud de agregar paciente
[2023-07-02 13:29:00] [ INFO ] [PacienteController:26] Procesando solicitud de agregar paciente
[2023-07-02 13:29:03] [ INFO ] [PacienteController:26] Procesando solicitud de agregar paciente
[2023-07-02 13:29:09] [ INFO ] [PacienteController:26] Procesando solicitud de agregar paciente
[2023-07-02 13:29:13] [ INFO ] [OdontologoController:45] Procesando solicitud de listar odontologos
[2023-07-02 13:29:19] [ INFO ] [PacienteController:57] Procesando solicitud de listar pacientes
[2023-07-02 13:30:04] [ INFO ] [TurnoController:42] Procesando solicitud de registrar un turno
[2023-07-02 13:30:13] [ INFO ] [TurnoController:37] Procesando solicitud de listar turnos
[2023-07-02 13:30:18] [ INFO ] [TurnoController:57] Procesando solicitud de eliminar un turno
[2023-07-02 13:30:18] [ ERROR] [TurnoController:63] Falló la solicitud de eliminar un turno
[2023-07-02 13:30:21] [ INFO ] [TurnoController:57] Procesando solicitud de eliminar un turno
[2023-07-02 13:52:07] [ INFO ] [OdontologoController:26] Procesando solicitud de agregar Odontologo
[2023-07-02 13:52:30] [ INFO ] [PacienteController:26] Procesando solicitud de agregar paciente
[2023-07-02 13:52:32] [ INFO ] [PacienteController:57] Procesando solicitud de listar pacientes
[2023-07-02 13:52:34] [ INFO ] [OdontologoController:45] Procesando solicitud de listar odontologos
[2023-07-02 13:52:45] [ INFO ] [TurnoController:37] Procesando solicitud de listar turnos
[2023-07-02 13:53:28] [ INFO ] [TurnoController:42] Procesando solicitud de registrar un turno
[2023-07-02 13:53:30] [ INFO ] [TurnoController:37] Procesando solicitud de listar turnos
[2023-07-02 14:07:09] [ INFO ] [OdontologoController:26] Procesando solicitud de agregar Odontologo
[2023-07-02 14:07:12] [ INFO ] [PacienteController:26] Procesando solicitud de agregar paciente
[2023-07-02 14:07:21] [ INFO ] [OdontologoController:45] Procesando solicitud de listar odontologos
[2023-07-02 14:07:22] [ INFO ] [PacienteController:57] Procesando solicitud de listar pacientes
[2023-07-02 14:07:28] [ INFO ] [TurnoController:42] Procesando solicitud de registrar un turno
[2023-07-02 14:07:32] [ INFO ] [TurnoController:42] Procesando solicitud de registrar un turno
[2023-07-02 14:07:36] [ INFO ] [TurnoController:37] Procesando solicitud de listar turnos
[2023-07-02 14:07:59] [ INFO ] [TurnoController:42] Procesando solicitud de registrar un turno
[2023-07-02 14:10:17] [ INFO ] [OdontologoController:26] Procesando solicitud de agregar Odontologo
[2023-07-02 14:10:20] [ INFO ] [PacienteController:26] Procesando solicitud de agregar paciente
[2023-07-02 14:10:30] [ INFO ] [TurnoController:42] Procesando solicitud de registrar un turno
[2023-07-02 14:11:51] [ INFO ] [PacienteController:26] Procesando solicitud de agregar paciente
[2023-07-02 14:11:53] [ INFO ] [OdontologoController:26] Procesando solicitud de agregar Odontologo
[2023-07-02 14:12:00] [ INFO ] [TurnoController:42] Procesando solicitud de registrar un turno
[2023-07-02 14:16:59] [ INFO ] [OdontologoController:26] Procesando solicitud de agregar Odontologo
[2023-07-02 14:17:02] [ INFO ] [PacienteController:26] Procesando solicitud de agregar paciente
[2023-07-02 14:17:04] [ INFO ] [PacienteController:57] Procesando solicitud de listar pacientes
[2023-07-02 14:17:19] [ INFO ] [PacienteController:31] Procesando solicitud de buscar paciente
[2023-07-02 14:17:19] [ INFO ] [PacienteController:63] Procesando solicitud de modificar paciente
[2023-07-02 14:17:22] [ INFO ] [PacienteController:57] Procesando solicitud de listar pacientes
[2023-07-02 14:17:28] [ INFO ] [TurnoController:42] Procesando solicitud de registrar un turno
[2023-07-02 14:19:44] [ INFO ] [OdontologoController:26] Procesando solicitud de agregar Odontologo
[2023-07-02 14:19:46] [ INFO ] [PacienteController:26] Procesando solicitud de agregar paciente
[2023-07-02 14:19:53] [ INFO ] [TurnoController:42] Procesando solicitud de registrar un turno
[2023-07-02 14:20:01] [ INFO ] [TurnoController:37] Procesando solicitud de listar turnos
[2023-07-02 14:20:15] [ INFO ] [TurnoController:42] Procesando solicitud de registrar un turno
[2023-07-02 14:21:14] [ INFO ] [TurnoController:42] Procesando solicitud de registrar un turno
[2023-07-02 14:23:06] [ INFO ] [OdontologoController:45] Procesando solicitud de listar odontologos
[2023-07-02 14:23:09] [ INFO ] [PacienteController:57] Procesando solicitud de listar pacientes
[2023-07-02 14:23:12] [ INFO ] [PacienteController:57] Procesando solicitud de listar pacientes
[2023-07-02 14:23:17] [ INFO ] [PacienteController:31] Procesando solicitud de buscar paciente
[2023-07-02 14:23:23] [ INFO ] [PacienteController:57] Procesando solicitud de listar pacientes
[2023-07-02 14:24:20] [ INFO ] [OdontologoController:26] Procesando solicitud de agregar Odontologo
[2023-07-02 14:24:22] [ INFO ] [PacienteController:26] Procesando solicitud de agregar paciente
[2023-07-02 14:24:26] [ INFO ] [TurnoController:42] Procesando solicitud de registrar un turno
[2023-07-02 14:24:27] [ INFO ] [TurnoController:42] Procesando solicitud de registrar un turno
[2023-07-02 14:24:27] [ INFO ] [TurnoController:42] Procesando solicitud de registrar un turno
[2023-07-02 14:24:35] [ INFO ] [TurnoController:42] Procesando solicitud de registrar un turno
[2023-07-02 14:25:41] [ INFO ] [OdontologoController:26] Procesando solicitud de agregar Odontologo
[2023-07-02 14:25:43] [ INFO ] [PacienteController:26] Procesando solicitud de agregar paciente
[2023-07-02 14:25:46] [ INFO ] [TurnoController:42] Procesando solicitud de registrar un turno
[2023-07-02 14:25:48] [ INFO ] [TurnoController:42] Procesando solicitud de registrar un turno
[2023-07-02 14:25:48] [ INFO ] [TurnoController:42] Procesando solicitud de registrar un turno
[2023-07-02 14:25:48] [ INFO ] [TurnoController:42] Procesando solicitud de registrar un turno
[2023-07-02 14:25:48] [ INFO ] [TurnoController:42] Procesando solicitud de registrar un turno
[2023-07-02 14:27:31] [ INFO ] [TurnoController:42] Procesando solicitud de registrar un turno
[2023-07-02 14:29:53] [ INFO ] [OdontologoController:26] Procesando solicitud de agregar Odontologo
[2023-07-02 14:30:11] [ INFO ] [OdontologoController:26] Procesando solicitud de agregar Odontologo
[2023-07-02 14:30:14] [ INFO ] [PacienteController:26] Procesando solicitud de agregar paciente
[2023-07-02 14:30:29] [ INFO ] [TurnoController:42] Procesando solicitud de registrar un turno
[2023-07-02 14:31:23] [ INFO ] [TurnoController:42] Procesando solicitud de registrar un turno
[2023-07-02 14:37:21] [ INFO ] [OdontologoController:26] Procesando solicitud de agregar Odontologo
[2023-07-02 14:37:23] [ INFO ] [PacienteController:26] Procesando solicitud de agregar paciente
[2023-07-02 14:37:29] [ INFO ] [TurnoController:42] Procesando solicitud de registrar un turno
[2023-07-02 14:40:00] [ INFO ] [OdontologoController:26] Procesando solicitud de agregar Odontologo
[2023-07-02 14:40:02] [ INFO ] [PacienteController:26] Procesando solicitud de agregar paciente
[2023-07-02 14:41:11] [ INFO ] [TurnoController:42] Procesando solicitud de registrar un turno
[2023-07-02 14:41:14] [ INFO ] [OdontologoController:26] Procesando solicitud de agregar Odontologo
[2023-07-02 14:41:17] [ INFO ] [PacienteController:26] Procesando solicitud de agregar paciente
[2023-07-02 14:41:20] [ INFO ] [TurnoController:42] Procesando solicitud de registrar un turno
[2023-07-02 14:41:24] [ INFO ] [TurnoController:42] Procesando solicitud de registrar un turno
[2023-07-02 14:42:19] [ INFO ] [OdontologoController:26] Procesando solicitud de agregar Odontologo
[2023-07-02 14:42:22] [ INFO ] [PacienteController:26] Procesando solicitud de agregar paciente
[2023-07-02 14:42:25] [ INFO ] [TurnoController:42] Procesando solicitud de registrar un turno
[2023-07-02 14:42:55] [ INFO ] [TurnoController:42] Procesando solicitud de registrar un turno
[2023-07-02 14:43:30] [ INFO ] [OdontologoController:26] Procesando solicitud de agregar Odontologo
[2023-07-02 14:43:32] [ INFO ] [PacienteController:26] Procesando solicitud de agregar paciente
[2023-07-02 14:43:43] [ INFO ] [TurnoController:42] Procesando solicitud de registrar un turno
[2023-07-02 14:45:11] [ INFO ] [PacienteController:26] Procesando solicitud de agregar paciente
[2023-07-02 14:46:20] [ INFO ] [OdontologoController:26] Procesando solicitud de agregar Odontologo
[2023-07-02 14:46:23] [ INFO ] [PacienteController:26] Procesando solicitud de agregar paciente
[2023-07-02 14:46:27] [ INFO ] [TurnoController:42] Procesando solicitud de registrar un turno
[2023-07-02 14:50:21] [ INFO ] [OdontologoController:45] Procesando solicitud de listar odontologos
[2023-07-02 14:50:24] [ INFO ] [PacienteController:57] Procesando solicitud de listar pacientes
[2023-07-02 14:56:00] [ INFO ] [OdontologoController:26] Procesando solicitud de agregar Odontologo
[2023-07-02 14:56:02] [ INFO ] [PacienteController:26] Procesando solicitud de agregar paciente
[2023-07-02 14:56:06] [ INFO ] [TurnoController:42] Procesando solicitud de registrar un turno
[2023-07-02 14:56:48] [ INFO ] [OdontologoController:26] Procesando solicitud de agregar Odontologo
[2023-07-02 14:56:50] [ INFO ] [PacienteController:26] Procesando solicitud de agregar paciente
[2023-07-02 14:56:51] [ INFO ] [TurnoController:42] Procesando solicitud de registrar un turno
[2023-07-02 14:56:52] [ INFO ] [TurnoController:42] Procesando solicitud de registrar un turno
[2023-07-02 14:56:53] [ INFO ] [TurnoController:42] Procesando solicitud de registrar un turno
[2023-07-02 14:56:53] [ INFO ] [TurnoController:42] Procesando solicitud de registrar un turno
[2023-07-02 14:57:01] [ INFO ] [TurnoController:42] Procesando solicitud de registrar un turno
[2023-07-02 14:57:05] [ INFO ] [TurnoController:37] Procesando solicitud de listar turnos
[2023-07-02 15:25:03] [ INFO ] [OdontologoController:26] Procesando solicitud de agregar Odontologo
[2023-07-02 15:25:06] [ INFO ] [PacienteController:26] Procesando solicitud de agregar paciente
[2023-07-02 15:25:09] [ INFO ] [TurnoController:42] Procesando solicitud de registrar un turno
[2023-07-02 15:25:11] [ INFO ] [TurnoController:37] Procesando solicitud de listar turnos
[2023-07-02 15:25:46] [ INFO ] [TurnoController:37] Procesando solicitud de listar turnos
[2023-07-02 15:26:58] [ INFO ] [OdontologoController:26] Procesando solicitud de agregar Odontologo
[2023-07-02 15:27:00] [ INFO ] [PacienteController:26] Procesando solicitud de agregar paciente
[2023-07-02 15:27:02] [ INFO ] [TurnoController:42] Procesando solicitud de registrar un turno
[2023-07-02 15:27:05] [ INFO ] [TurnoController:37] Procesando solicitud de listar turnos
[2023-07-02 15:27:07] [ INFO ] [TurnoController:37] Procesando solicitud de listar turnos
[2023-07-02 15:27:08] [ INFO ] [TurnoController:37] Procesando solicitud de listar turnos
[2023-07-02 23:03:16] [ INFO ] [OdontologoController:26] Procesando solicitud de agregar Odontologo
[2023-07-02 23:03:17] [ INFO ] [PacienteController:26] Procesando solicitud de agregar paciente
[2023-07-02 23:03:19] [ INFO ] [TurnoController:42] Procesando solicitud de registrar un turno
[2023-07-02 23:03:22] [ INFO ] [TurnoController:37] Procesando solicitud de listar turnos
[2023-07-02 23:03:27] [ INFO ] [TurnoController:57] Procesando solicitud de eliminar un turno
