[2023-05-22 21:59:04] [ INFO ] [MedicamentoDAOH2:18] Inicio de Operatoria de Guardado ;) de un medicamento
[2023-05-22 22:00:25] [ INFO ] [MedicamentoDAOH2:18] Inicio de Operatoria de Guardado ;) de un medicamento
[2023-05-22 22:01:11] [ INFO ] [MedicamentoDAOH2:18] Inicio de Operatoria de Guardado ;) de un medicamento
[2023-05-22 22:01:54] [ INFO ] [BD:23] Se ha creado con éxito la tabla
[2023-05-22 22:01:54] [ INFO ] [MedicamentoDAOH2:18] Inicio de Operatoria de Guardado ;) de un medicamento
[2023-05-22 22:50:16] [ INFO ] [BD:23] Se ha creado con éxito la tabla
[2023-05-22 22:50:16] [ INFO ] [MedicamentoDAOH2:20] Inicio de Operatoria de Guardado ;) de un medicamento
[2023-05-22 22:50:16] [ INFO ] [MedicamentoDAOH2:57] Inicio de Operatoria de Busqueda ;) de un medicamento
[2023-05-22 22:50:16] [ INFO ] [MedicamentoDAOH2:68] El resultado de la busqueda es: ibuprofeno
[2023-05-22 22:51:12] [ INFO ] [BD:23] Se ha creado con éxito la tabla
[2023-05-22 22:51:12] [ INFO ] [MedicamentoDAOH2:20] Inicio de Operatoria de Guardado ;) de un medicamento
[2023-05-22 22:51:12] [ INFO ] [MedicamentoDAOH2:57] Inicio de Operatoria de Busqueda ;) de un medicamento
[2023-05-22 22:51:12] [ INFO ] [MedicamentoDAOH2:68] El resultado de la busqueda es: ibuprofeno
[2023-05-22 22:51:22] [ INFO ] [BD:23] Se ha creado con éxito la tabla
[2023-05-22 22:51:22] [ INFO ] [MedicamentoDAOH2:20] Inicio de Operatoria de Guardado ;) de un medicamento
[2023-05-22 22:51:22] [ INFO ] [MedicamentoDAOH2:57] Inicio de Operatoria de Busqueda ;) de un medicamento
[2023-05-22 22:52:10] [ INFO ] [BD:23] Se ha creado con éxito la tabla
[2023-05-22 22:52:10] [ INFO ] [MedicamentoDAOH2:20] Inicio de Operatoria de Guardado ;) de un medicamento
[2023-05-22 22:52:10] [ INFO ] [MedicamentoDAOH2:20] Inicio de Operatoria de Guardado ;) de un medicamento
[2023-05-22 22:52:10] [ INFO ] [MedicamentoDAOH2:57] Inicio de Operatoria de Busqueda ;) de un medicamento
[2023-05-22 22:52:10] [ INFO ] [MedicamentoDAOH2:68] El resultado de la busqueda es: paracetamol
