[2023-05-24 22:27:39] [ INFO ] [DomicilioDAOH2:49] iniciando operaciones de busqueda por IO: 1
[2023-05-24 22:27:39] [ INFO ] [DomicilioDAOH2:49] iniciando operaciones de busqueda por IO: 2
[2023-05-24 22:28:22] [ INFO ] [DomicilioDAOH2:49] iniciando operaciones de busqueda por IO: 2
[2023-05-25 17:46:20] [ INFO ] [DomicilioDAOH2:49] iniciando operaciones de busqueda por IO: 1
[2023-05-25 17:46:20] [ INFO ] [DomicilioDAOH2:49] iniciando operaciones de busqueda por IO: 2
[2023-05-25 17:46:20] [ INFO ] [DomicilioDAOH2:49] iniciando operaciones de busqueda por IO: 2
[2023-05-25 17:57:34] [ INFO ] [DomicilioDAOH2:49] iniciando operaciones de busqueda por IO: 1
[2023-05-25 17:57:34] [ INFO ] [DomicilioDAOH2:49] iniciando operaciones de busqueda por IO: 2
[2023-05-25 17:57:34] [ INFO ] [DomicilioDAOH2:49] iniciando operaciones de busqueda por IO: 2
[2023-05-25 19:56:19] [ DEBUG] [PacienteDAOH2:22] ingresamos al metodo guardar de Odontologo en OdontologoDaoH2
[2023-05-25 19:56:19] [ DEBUG] [PacienteDAOH2:22] ingresamos al metodo guardar de Odontologo en OdontologoDaoH2
[2023-05-25 19:56:19] [ DEBUG] [PacienteDAOH2:69] ingresamos al metodo listar de Odontologo en OdontologoDaoH2
[2023-05-25 19:57:06] [ DEBUG] [PacienteDAOH2:22] ingresamos al metodo guardar de Odontologo en OdontologoDaoH2
[2023-05-25 19:57:06] [ DEBUG] [PacienteDAOH2:22] ingresamos al metodo guardar de Odontologo en OdontologoDaoH2
[2023-05-25 19:57:06] [ DEBUG] [PacienteDAOH2:69] ingresamos al metodo listar de Odontologo en OdontologoDaoH2
[2023-05-25 19:57:47] [ DEBUG] [PacienteDAOH2:22] ingresamos al metodo guardar de Odontologo en OdontologoDaoH2
[2023-05-25 19:57:47] [ DEBUG] [PacienteDAOH2:22] ingresamos al metodo guardar de Odontologo en OdontologoDaoH2
[2023-05-25 19:57:47] [ DEBUG] [PacienteDAOH2:69] ingresamos al metodo listar de Odontologo en OdontologoDaoH2
[2023-05-25 19:58:39] [ DEBUG] [PacienteDAOH2:22] ingresamos al metodo guardar de Odontologo en OdontologoDaoH2
[2023-05-25 19:58:39] [ DEBUG] [PacienteDAOH2:22] ingresamos al metodo guardar de Odontologo en OdontologoDaoH2
[2023-05-25 19:58:39] [ DEBUG] [PacienteDAOH2:69] ingresamos al metodo listar de Odontologo en OdontologoDaoH2
[2023-05-25 19:59:03] [ DEBUG] [PacienteDAOH2:22] ingresamos al metodo guardar de Odontologo en OdontologoDaoH2
[2023-05-25 19:59:03] [ DEBUG] [PacienteDAOH2:22] ingresamos al metodo guardar de Odontologo en OdontologoDaoH2
[2023-05-25 19:59:03] [ DEBUG] [PacienteDAOH2:69] ingresamos al metodo listar de Odontologo en OdontologoDaoH2
[2023-05-25 19:59:18] [ DEBUG] [PacienteDAOH2:22] ingresamos al metodo guardar de Odontologo en OdontologoDaoH2
[2023-05-25 19:59:18] [ DEBUG] [PacienteDAOH2:22] ingresamos al metodo guardar de Odontologo en OdontologoDaoH2
[2023-05-25 19:59:18] [ DEBUG] [PacienteDAOH2:69] ingresamos al metodo listar de Odontologo en OdontologoDaoH2
[2023-05-25 19:59:39] [ DEBUG] [PacienteDAOH2:22] ingresamos al metodo guardar de Odontologo en OdontologoDaoH2
[2023-05-25 19:59:39] [ DEBUG] [PacienteDAOH2:22] ingresamos al metodo guardar de Odontologo en OdontologoDaoH2
[2023-05-25 19:59:39] [ DEBUG] [PacienteDAOH2:69] ingresamos al metodo listar de Odontologo en OdontologoDaoH2
[2023-05-25 20:01:13] [ DEBUG] [OdontologoDAOH2:22] ingresamos al metodo guardar de Odontologo en OdontologoDaoH2
[2023-05-25 20:01:13] [ DEBUG] [OdontologoDAOH2:22] ingresamos al metodo guardar de Odontologo en OdontologoDaoH2
[2023-05-25 20:01:13] [ DEBUG] [OdontologoDAOH2:69] ingresamos al metodo listar de Odontologo en OdontologoDaoH2
[2023-05-25 20:08:45] [ DEBUG] [OdontologoDAOArrayList:20] ingresamos al metodo listar de Odontologo en OdontologoDAOArrayList
[2023-05-25 20:08:45] [ DEBUG] [OdontologoDAOArrayList:20] ingresamos al metodo listar de Odontologo en OdontologoDAOArrayList
[2023-05-25 20:08:45] [ DEBUG] [OdontologoDAOArrayList:51] ingresamos al metodo listar de Odontologo en OdontologoDAOArrayList
[2023-05-25 20:08:52] [ DEBUG] [OdontologoDAOArrayList:20] ingresamos al metodo listar de Odontologo en OdontologoDAOArrayList
[2023-05-25 20:08:52] [ DEBUG] [OdontologoDAOArrayList:20] ingresamos al metodo listar de Odontologo en OdontologoDAOArrayList
[2023-05-25 20:08:52] [ DEBUG] [OdontologoDAOArrayList:51] ingresamos al metodo listar de Odontologo en OdontologoDAOArrayList
[2023-05-25 20:08:52] [ DEBUG] [OdontologoDAOH2:22] ingresamos al metodo guardar de Odontologo en OdontologoDaoH2
[2023-05-25 20:08:52] [ DEBUG] [OdontologoDAOH2:22] ingresamos al metodo guardar de Odontologo en OdontologoDaoH2
[2023-05-25 20:08:52] [ DEBUG] [OdontologoDAOH2:69] ingresamos al metodo listar de Odontologo en OdontologoDaoH2
[2023-05-25 20:09:12] [ DEBUG] [OdontologoDAOH2:22] ingresamos al metodo guardar de Odontologo en OdontologoDaoH2
[2023-05-25 20:09:12] [ DEBUG] [OdontologoDAOH2:22] ingresamos al metodo guardar de Odontologo en OdontologoDaoH2
[2023-05-25 20:09:12] [ DEBUG] [OdontologoDAOH2:69] ingresamos al metodo listar de Odontologo en OdontologoDaoH2
[2023-05-25 20:09:20] [ DEBUG] [OdontologoDAOArrayList:20] ingresamos al metodo listar de Odontologo en OdontologoDAOArrayList
[2023-05-25 20:09:20] [ DEBUG] [OdontologoDAOArrayList:20] ingresamos al metodo listar de Odontologo en OdontologoDAOArrayList
[2023-05-25 20:09:20] [ DEBUG] [OdontologoDAOArrayList:51] ingresamos al metodo listar de Odontologo en OdontologoDAOArrayList
[2023-05-29 19:25:16] [ INFO ] [DomicilioDAOH2:49] iniciando operaciones de busqueda por IO: 1
[2023-05-29 19:25:16] [ INFO ] [DomicilioDAOH2:49] iniciando operaciones de busqueda por IO: 2
[2023-05-29 19:25:16] [ INFO ] [DomicilioDAOH2:49] iniciando operaciones de busqueda por IO: 2
